<?xml version="1.0" encoding="UTF-8"?>
<!-- Generated by org.testng.reporters.JUnitReportReporter -->
<testsuite hostname="DESKTOP-VP18333" failures="0" tests="4" name="Toolsqa.ToolsaQATestCase.TestCaseValidations" time="55.256" errors="0" timestamp="17 Jul 2022 04:25:48 GMT" skipped="0">
  <testcase classname="Toolsqa.ToolsaQATestCase.TestCaseValidations" name="AutoComplete" time="4.995"/>
  <testcase classname="Toolsqa.ToolsaQATestCase.TestCaseValidations" name="slider" time="5.150"/>
  <testcase classname="Toolsqa.ToolsaQATestCase.TestCaseValidations" name="progressBar" time="8.767"/>
  <testcase classname="Toolsqa.ToolsaQATestCase.TestCaseValidations" name="menuSelection" time="36.344"/>
</testsuite> <!-- Toolsqa.ToolsaQATestCase.TestCaseValidations -->
